<?xml version="1.0" encoding="UTF-8"?>
<!-- Generated by org.testng.reporters.JUnitReportReporter -->
<testsuite hostname="Arka-PC" name="epsTest.LoginTest" tests="1" failures="0" timestamp="2 Jan 2020 20:56:04 GMT" time="22.333" errors="0">
  <testcase name="DepartmentPositveAdd" time="22.333" classname="epsTest.LoginTest"/>
</testsuite> <!-- epsTest.LoginTest -->
