<?xml version="1.0" encoding="UTF-8"?>
<!-- Generated by org.testng.reporters.JUnitReportReporter -->
<testsuite hostname="Arka-PC" name="epsTest.NewTenderTest" tests="1" failures="0" timestamp="5 Jan 2020 17:19:57 GMT" time="58.225" errors="0">
  <testcase name="NewTender" time="58.225" classname="epsTest.NewTenderTest"/>
</testsuite> <!-- epsTest.NewTenderTest -->
