<?xml version="1.0" encoding="UTF-8"?>
<!-- Generated by org.testng.reporters.JUnitReportReporter -->
<testsuite hostname="Arka-PC" name="epsTest.NewTenderTest" tests="1" failures="0" timestamp="13 Jan 2020 15:12:48 GMT" time="233.585" errors="0">
  <testcase name="NewTender" time="233.585" classname="epsTest.NewTenderTest"/>
</testsuite> <!-- epsTest.NewTenderTest -->
