<?xml version="1.0" encoding="UTF-8"?>
<!-- Generated by org.testng.reporters.JUnitReportReporter -->
<testsuite hostname="ArkaDey-PC" name="edaTest.DepartmentEditTest" tests="1" failures="0" timestamp="14 Jun 2019 10:30:53 GMT" time="29.892" errors="0">
  <testcase name="DepartmentEdit" time="29.892" classname="edaTest.DepartmentEditTest"/>
</testsuite> <!-- edaTest.DepartmentEditTest -->
