<?xml version="1.0" encoding="UTF-8"?>
<!-- Generated by org.testng.reporters.JUnitReportReporter -->
<testsuite hostname="ArkaDey-PC" name="edaTest.File_Tag_Test" tests="1" failures="0" timestamp="6 Jun 2019 12:32:28 GMT" time="47.251" errors="0">
  <testcase name="Department" time="47.251" classname="edaTest.File_Tag_Test"/>
</testsuite> <!-- edaTest.File_Tag_Test -->
