<?xml version="1.0" encoding="UTF-8"?>
<!-- Generated by org.testng.reporters.JUnitReportReporter -->
<testsuite hostname="ArkaDey-PC" name="edaTest.DepartmentAddTest" tests="1" failures="0" timestamp="14 Jun 2019 09:03:44 GMT" time="30.439" errors="0">
  <testcase name="DepartmentPositveAdd" time="30.439" classname="edaTest.DepartmentAddTest"/>
</testsuite> <!-- edaTest.DepartmentAddTest -->
