<?xml version="1.0" encoding="UTF-8"?>
<!-- Generated by org.testng.reporters.JUnitReportReporter -->
<testsuite hostname="ArkaDey-PC" name="edaTest.ViewAddTest" tests="2" failures="0" timestamp="6 Jun 2019 09:23:57 GMT" time="78.230" errors="0">
  <testcase name="ViewAdd4SingleSelect" time="38.525" classname="edaTest.ViewAddTest"/>
  <testcase name="ViewAdd4MultiSelect" time="39.705" classname="edaTest.ViewAddTest"/>
</testsuite> <!-- edaTest.ViewAddTest -->
