<?xml version="1.0" encoding="UTF-8"?>
<!-- Generated by org.testng.reporters.JUnitReportReporter -->
<testsuite hostname="ArkaDey-PC" name="edaTest.File_uploadTest" tests="1" failures="0" timestamp="22 Apr 2019 09:24:49 GMT" time="27.453" errors="0">
  <testcase name="Department" time="27.453" classname="edaTest.File_uploadTest"/>
</testsuite> <!-- edaTest.File_uploadTest -->
