<?xml version="1.0" encoding="UTF-8"?>
<!-- Generated by org.testng.reporters.JUnitReportReporter -->
<testsuite hostname="ArkaDey-PC" name="edaTest.FieldAddNegativeTest" tests="6" failures="0" timestamp="27 May 2019 12:22:44 GMT" time="155.484" errors="0">
  <testcase name="FieldsAddTest" time="28.237" classname="edaTest.FieldAddNegativeTest"/>
  <testcase name="FieldsAddTest" time="24.841" classname="edaTest.FieldAddNegativeTest"/>
  <testcase name="FieldsAddTest" time="24.667" classname="edaTest.FieldAddNegativeTest"/>
  <testcase name="FieldsAddTest" time="25.087" classname="edaTest.FieldAddNegativeTest"/>
  <testcase name="FieldsAddTest" time="25.298" classname="edaTest.FieldAddNegativeTest"/>
  <testcase name="FieldsAddTest" time="27.354" classname="edaTest.FieldAddNegativeTest"/>
</testsuite> <!-- edaTest.FieldAddNegativeTest -->
