<?xml version="1.0" encoding="UTF-8"?>
<!-- Generated by org.testng.reporters.JUnitReportReporter -->
<testsuite hostname="ArkaDey-PC" name="edaTest.UserEditTest" tests="1" failures="0" timestamp="12 Jun 2019 08:22:58 GMT" time="21.500" errors="0">
  <testcase name="UserEdit" time="21.500" classname="edaTest.UserEditTest"/>
</testsuite> <!-- edaTest.UserEditTest -->
