<?xml version="1.0" encoding="UTF-8"?>
<!-- Generated by org.testng.reporters.JUnitReportReporter -->
<testsuite hostname="ArkaDey-PC" name="edaTest.DepartmentAddNegativeTest" tests="6" failures="0" timestamp="14 Jun 2019 09:56:57 GMT" time="159.570" errors="0">
  <testcase name="DepartmentNtest" time="29.369" classname="edaTest.DepartmentAddNegativeTest"/>
  <testcase name="DepartmentNtest" time="26.813" classname="edaTest.DepartmentAddNegativeTest"/>
  <testcase name="DepartmentNtest" time="22.705" classname="edaTest.DepartmentAddNegativeTest"/>
  <testcase name="DepartmentNtest" time="26.870" classname="edaTest.DepartmentAddNegativeTest"/>
  <testcase name="DepartmentNtest" time="27.029" classname="edaTest.DepartmentAddNegativeTest"/>
  <testcase name="DepartmentNtest" time="26.784" classname="edaTest.DepartmentAddNegativeTest"/>
</testsuite> <!-- edaTest.DepartmentAddNegativeTest -->
