<?xml version="1.0" encoding="UTF-8"?>
<!-- Generated by org.testng.reporters.JUnitReportReporter -->
<testsuite hostname="ArkaDey-PC" name="edaTest.DepartmentTest" tests="1" failures="0" timestamp="4 Mar 2019 14:51:45 GMT" time="31.752" errors="0">
  <testcase name="Department" time="31.752" classname="edaTest.DepartmentTest"/>
</testsuite> <!-- edaTest.DepartmentTest -->
