<?xml version="1.0" encoding="UTF-8"?>
<!-- Generated by org.testng.reporters.JUnitReportReporter -->
<testsuite hostname="ArkaDey-PC" name="edaTest.DepartmentviewUserTest" tests="1" failures="0" timestamp="14 Jun 2019 14:52:02 GMT" time="41.830" errors="0">
  <testcase name="UserActiveInacive" time="41.830" classname="edaTest.DepartmentviewUserTest"/>
</testsuite> <!-- edaTest.DepartmentviewUserTest -->
