<?xml version="1.0" encoding="UTF-8"?>
<!-- Generated by org.testng.reporters.JUnitReportReporter -->
<testsuite hostname="ArkaDey-PC" name="edaTest.UserAddTest" tests="1" failures="0" timestamp="11 Jun 2019 14:17:01 GMT" time="19.301" errors="0">
  <testcase name="UserAdd" time="19.301" classname="edaTest.UserAddTest"/>
</testsuite> <!-- edaTest.UserAddTest -->
