<?xml version="1.0" encoding="UTF-8"?>
<!-- Generated by org.testng.reporters.JUnitReportReporter -->
<testsuite hostname="ArkaDey-PC" name="edaTest.ChangePasswordTest" tests="1" failures="0" timestamp="7 Jun 2019 11:59:23 GMT" time="17.586" errors="0">
  <testcase name="changePassword" time="17.586" classname="edaTest.ChangePasswordTest"/>
</testsuite> <!-- edaTest.ChangePasswordTest -->
