<?xml version="1.0" encoding="UTF-8"?>
<!-- Generated by org.testng.reporters.JUnitReportReporter -->
<testsuite hostname="ArkaDey-PC" name="edaTest.File_Upload_newVersionTest" tests="1" failures="0" timestamp="4 Jun 2019 12:47:18 GMT" time="29.187" errors="0">
  <testcase name="RevisionFile" time="29.187" classname="edaTest.File_Upload_newVersionTest"/>
</testsuite> <!-- edaTest.File_Upload_newVersionTest -->
