<?xml version="1.0" encoding="UTF-8"?>
<!-- Generated by org.testng.reporters.JUnitReportReporter -->
<testsuite hostname="ArkaDey-PC" name="edaTest.ProjectEditTest" tests="1" failures="0" timestamp="15 Jun 2019 07:59:01 GMT" time="30.494" errors="0">
  <testcase name="ProjectEdit" time="30.494" classname="edaTest.ProjectEditTest"/>
</testsuite> <!-- edaTest.ProjectEditTest -->
