<?xml version="1.0" encoding="UTF-8"?>
<!-- Generated by org.testng.reporters.JUnitReportReporter -->
<testsuite hostname="ArkaDey-PC" name="edaTest.RoleAdd_ButtonTest" tests="7" failures="0" timestamp="6 Jun 2019 14:29:10 GMT" time="142.461" errors="0">
  <testcase name="BVisibility_AddButton" time="19.214" classname="edaTest.RoleAdd_ButtonTest"/>
  <testcase name="BVisibility_AddButton" time="20.287" classname="edaTest.RoleAdd_ButtonTest"/>
  <testcase name="BVisibility_AddButton" time="17.614" classname="edaTest.RoleAdd_ButtonTest"/>
  <testcase name="BVisibility_AddButton" time="18.937" classname="edaTest.RoleAdd_ButtonTest"/>
  <testcase name="BVisibility_AddButton" time="17.737" classname="edaTest.RoleAdd_ButtonTest"/>
  <testcase name="BVisibility_AddButton" time="16.707" classname="edaTest.RoleAdd_ButtonTest"/>
  <testcase name="ARemove_Role_Add" time="31.965" classname="edaTest.RoleAdd_ButtonTest"/>
</testsuite> <!-- edaTest.RoleAdd_ButtonTest -->
