<?xml version="1.0" encoding="UTF-8"?>
<!-- Generated by org.testng.reporters.JUnitReportReporter -->
<testsuite hostname="ArkaDey-PC" name="edaTest.ProjectviewUserTest" tests="2" failures="0" timestamp="15 Jun 2019 08:16:00 GMT" time="103.069" errors="0">
  <testcase name="EditUerforDepartment" time="68.728" classname="edaTest.ProjectviewUserTest"/>
  <testcase name="UserActiveInacive" time="34.341" classname="edaTest.ProjectviewUserTest"/>
</testsuite> <!-- edaTest.ProjectviewUserTest -->
